00:12:02.396 request:
1 > POST https://petstore.swagger.io/v2/pet
1 > Accept-Encoding: gzip,deflate
1 > Connection: Keep-Alive
1 > Content-Length: 296
1 > Content-Type: application/json; charset=UTF-8
1 > Host: petstore.swagger.io
1 > User-Agent: Apache-HttpClient/4.5.12 (Java/1.8.0_301)
{"id":1,"category":{"id":1,"name":"gato"},"name":"pepe","photoUrls":["https://www.purina-latam.com/sites/g/files/auxxlc391/files/styles/social_share_large/public/01_%C2%BFQu%C3%A9-puedo-hacer-si-mi-gato-est%C3%A1-triste-.png?itok=w67Nhubc"],"tags":[{"id":1,"name":"gatito"}],"status":"available"}

00:12:03.450 response time in milliseconds: 1047.80
1 < 200
1 < Access-Control-Allow-Headers: Content-Type, api_key, Authorization
1 < Access-Control-Allow-Methods: GET, POST, DELETE, PUT
1 < Access-Control-Allow-Origin: *
1 < Connection: keep-alive
1 < Content-Type: application/json
1 < Date: Tue, 23 Aug 2022 05:12:00 GMT
1 < Server: Jetty(9.2.9.v20150224)
1 < Transfer-Encoding: chunked
{"id":1,"category":{"id":1,"name":"gato"},"name":"pepe","photoUrls":["https://www.purina-latam.com/sites/g/files/auxxlc391/files/styles/social_share_large/public/01_%C2%BFQu%C3%A9-puedo-hacer-si-mi-gato-est%C3%A1-triste-.png?itok=w67Nhubc"],"tags":[{"id":1,"name":"gatito"}],"status":"available"}

00:12:03.585 request:
1 > POST https://petstore.swagger.io/v2/pet
1 > Accept-Encoding: gzip,deflate
1 > Connection: Keep-Alive
1 > Content-Length: 304
1 > Content-Type: application/json; charset=UTF-8
1 > Host: petstore.swagger.io
1 > User-Agent: Apache-HttpClient/4.5.12 (Java/1.8.0_301)
{"id":"lola","category":{"id":567,"name":"gato"},"name":"pepe","photoUrls":["https://www.purina-latam.com/sites/g/files/auxxlc391/files/styles/social_share_large/public/01_%C2%BFQu%C3%A9-puedo-hacer-si-mi-gato-est%C3%A1-triste-.png?itok=w67Nhubc"],"tags":[{"id":89,"name":"gatito"}],"status":"available"}

00:12:04.246 response time in milliseconds: 657.88
1 < 500
1 < Access-Control-Allow-Headers: Content-Type, api_key, Authorization
1 < Access-Control-Allow-Methods: GET, POST, DELETE, PUT
1 < Access-Control-Allow-Origin: *
1 < Connection: keep-alive
1 < Content-Type: application/json
1 < Date: Tue, 23 Aug 2022 05:12:01 GMT
1 < Server: Jetty(9.2.9.v20150224)
1 < Transfer-Encoding: chunked
{"code":500,"type":"unknown","message":"something bad happened"}

00:12:04.463 request:
1 > DELETE https://petstore.swagger.io/v2/pet/1
1 > Accept-Encoding: gzip,deflate
1 > Connection: Keep-Alive
1 > Host: petstore.swagger.io
1 > User-Agent: Apache-HttpClient/4.5.12 (Java/1.8.0_301)

00:12:05.136 response time in milliseconds: 673.33
1 < 200
1 < Access-Control-Allow-Headers: Content-Type, api_key, Authorization
1 < Access-Control-Allow-Methods: GET, POST, DELETE, PUT
1 < Access-Control-Allow-Origin: *
1 < Connection: keep-alive
1 < Content-Type: application/json
1 < Date: Tue, 23 Aug 2022 05:12:02 GMT
1 < Server: Jetty(9.2.9.v20150224)
1 < Transfer-Encoding: chunked
{"code":200,"type":"unknown","message":"1"}

00:12:05.154 request:
1 > DELETE https://petstore.swagger.io/v2/pet/qwerty
1 > Accept-Encoding: gzip,deflate
1 > Connection: Keep-Alive
1 > Host: petstore.swagger.io
1 > User-Agent: Apache-HttpClient/4.5.12 (Java/1.8.0_301)

00:12:05.810 response time in milliseconds: 653.50
1 < 404
1 < Access-Control-Allow-Headers: Content-Type, api_key, Authorization
1 < Access-Control-Allow-Methods: GET, POST, DELETE, PUT
1 < Access-Control-Allow-Origin: *
1 < Connection: keep-alive
1 < Content-Type: application/json
1 < Date: Tue, 23 Aug 2022 05:12:03 GMT
1 < Server: Jetty(9.2.9.v20150224)
1 < Transfer-Encoding: chunked
{"code":404,"type":"unknown","message":"java.lang.NumberFormatException: For input string: \"qwerty\""}

00:12:05.849 request:
1 > DELETE https://petstore.swagger.io/v2/pet/123
1 > Accept-Encoding: gzip,deflate
1 > Connection: Keep-Alive
1 > Host: petstore.swagger.io
1 > User-Agent: Apache-HttpClient/4.5.12 (Java/1.8.0_301)

00:12:06.475 response time in milliseconds: 626.13
1 < 404
1 < Access-Control-Allow-Headers: Content-Type, api_key, Authorization
1 < Access-Control-Allow-Methods: GET, POST, DELETE, PUT
1 < Access-Control-Allow-Origin: *
1 < Connection: keep-alive
1 < Content-Length: 0
1 < Date: Tue, 23 Aug 2022 05:12:03 GMT
1 < Server: Jetty(9.2.9.v20150224)

00:12:06.603 request:
1 > GET https://petstore.swagger.io/v2/pet/findByStatus
1 > Accept-Encoding: gzip,deflate
1 > Connection: Keep-Alive
1 > Host: petstore.swagger.io
1 > User-Agent: Apache-HttpClient/4.5.12 (Java/1.8.0_301)

00:12:07.295 response time in milliseconds: 684.84
1 < 200
1 < Access-Control-Allow-Headers: Content-Type, api_key, Authorization
1 < Access-Control-Allow-Methods: GET, POST, DELETE, PUT
1 < Access-Control-Allow-Origin: *
1 < Connection: keep-alive
1 < Content-Type: application/json
1 < Date: Tue, 23 Aug 2022 05:12:04 GMT
1 < Server: Jetty(9.2.9.v20150224)
1 < Transfer-Encoding: chunked
[]

00:12:07.374 request:
1 > GET https://petstore.swagger.io/v2/pet/findByStatus09
1 > Accept-Encoding: gzip,deflate
1 > Connection: Keep-Alive
1 > Host: petstore.swagger.io
1 > User-Agent: Apache-HttpClient/4.5.12 (Java/1.8.0_301)

00:12:07.992 response time in milliseconds: 617.25
1 < 404
1 < Access-Control-Allow-Headers: Content-Type, api_key, Authorization
1 < Access-Control-Allow-Methods: GET, POST, DELETE, PUT
1 < Access-Control-Allow-Origin: *
1 < Connection: keep-alive
1 < Content-Type: application/json
1 < Date: Tue, 23 Aug 2022 05:12:05 GMT
1 < Server: Jetty(9.2.9.v20150224)
1 < Transfer-Encoding: chunked
{"code":404,"type":"unknown","message":"java.lang.NumberFormatException: For input string: \"findByStatus09\""}

00:12:08.027 request:
1 > PUT https://petstore.swagger.io/v2/pet
1 > Accept-Encoding: gzip,deflate
1 > Connection: Keep-Alive
1 > Content-Length: 2
1 > Content-Type: application/json; charset=UTF-8
1 > Host: petstore.swagger.io
1 > User-Agent: Apache-HttpClient/4.5.12 (Java/1.8.0_301)
{}

00:12:08.687 response time in milliseconds: 658.32
1 < 200
1 < Access-Control-Allow-Headers: Content-Type, api_key, Authorization
1 < Access-Control-Allow-Methods: GET, POST, DELETE, PUT
1 < Access-Control-Allow-Origin: *
1 < Connection: keep-alive
1 < Content-Type: application/json
1 < Date: Tue, 23 Aug 2022 05:12:05 GMT
1 < Server: Jetty(9.2.9.v20150224)
1 < Transfer-Encoding: chunked
{"id":9223372036854227390,"photoUrls":[],"tags":[]}

00:12:08.715 request:
1 > PUT https://petstore.swagger.io/v2/pet/lola
1 > Accept-Encoding: gzip,deflate
1 > Connection: Keep-Alive
1 > Content-Length: 2
1 > Content-Type: application/json; charset=UTF-8
1 > Host: petstore.swagger.io
1 > User-Agent: Apache-HttpClient/4.5.12 (Java/1.8.0_301)
{}

00:12:09.380 response time in milliseconds: 663.28
1 < 405
1 < Access-Control-Allow-Headers: Content-Type, api_key, Authorization
1 < Access-Control-Allow-Methods: GET, POST, DELETE, PUT
1 < Access-Control-Allow-Origin: *
1 < Connection: keep-alive
1 < Content-Length: 102
1 < Content-Type: application/xml
1 < Date: Tue, 23 Aug 2022 05:12:06 GMT
1 < Server: Jetty(9.2.9.v20150224)
<?xml version="1.0" encoding="UTF-8" standalone="yes"?><apiResponse><type>unknown</type></apiResponse>

